2003   6  0 140.9
2003  33  0 121.4
2003  60  0 127.4
2003  87  0 125.4
2003 114  0 123.9
2003 141  0 135.4
2003 168  0 128.9
2003 195  0 129.3
2003 222  0 121.5
2003 249  0 115.2
2003 276  0 143.6
2003 303  0 142.0
2003 330  0 117.4
2003 357  0 117.2
2004  19  0 104.5
2004  46  0 103.5
2004  73  0 112.7
2004 100  0  99.5
2004 127  0 103.3
2004 154  0 101.8
2004 181  0 123.2
2004 208  0 116.5
2004 235  0 107.2
2004 262  0  91.4
2004 289  0 122.1
2004 316  0 100.8
2004 343  0  91.8
2005   4  0 100.1
2005  31  0  96.0
2005  58  0  90.4
2005  85  0  82.8
2005 112  0 104.0
2005 139  0  98.7
2005 166  0 101.2
2005 193  0  92.9
2005 220  0  87.7
2005 247  0  93.6
2005 274  0  76.4
2005 301  0  83.5
2005 328  0  86.6
2005 355  0  81.8
2006  17  0  79.3
2006  44  0  74.4
2006  71  0  80.8
2006  98  0  88.4
2006 125  0  81.2
2006 152  0  78.0
2006 179  0  79.9
2006 206  0  80.5
2006 233  0  82.0
2006 260  0  74.5
2006 287  0  76.6
2006 314  0  85.6
2006 341  0  80.2
2007   3  0  80.1
2007  30  0  76.7
2007  57  0  71.2
2007  84  0  71.0
2007 111  0  78.6
2007 138  0  77.5
2007 165  0  73.0
2007 192  0  72.6
2007 219  0  70.8
2007 246  0  67.6
2007 273  0  67.2
2007 300  0  67.4
2007 327  0  76.7
2007 354  0  72.7
2008  16  0  69.4
2008  43  0  69.0
2008  70  0  74.0
2008  97  0  69.8
2008 124  0  70.0
2008 151  0  68.0
2008 178  0  67.9
2008 205  0  67.8
2008 232  0  67.8
2008 259  0  67.9
2008 286  0  67.7
2008 313  0  67.1
2008 340  0  67.0
2009   1  0  67.6
2009  28  0  68.0
2009  55  0  68.2
2009  82  0  70.0
2009 109  0  71.4
2009 136  0  72.2
2009 163  0  70.4
2009 190  0  69.9
2009 217  0  69.0
2009 244  0  71.0
2009 271  0  70.6
2009 298  0  73.2
2009 325  0  72.5
2009 352  0  77.3
2010  14  0  79.1
2010  41  0  82.0
2010  68  0  83.4
2010  95  0  76.3
2010 122  0  75.3
2010 149  0  74.5
2010 176  0  79.3
2010 203  0  86.2
2010 230  0  77.7
2010 257  0  81.9
2010 284  0  82.1
2010 311  0  81.3
2010 338  0  81.1
2010 365  0  81.4
2011  27  0  90.6
2011  54  0 110.1
2011  81  0 112.5
2011 108  0 108.0
2011 135  0  97.3
2011 162  0  94.7
2011 189  0 102.7
2011 216  0 101.7
2011 243  0 134.8
2011 270  0 137.8
2011 297  0 150.6
2011 324  0 137.7
2011 351  0 131.9
2012  13  0 122.2
2012  40  0 106.7
2012  67  0 112.5
2012  94  0 114.5
2012 121  0 125.8
2012 148  0 128.2
2012 175  0 141.3
2012 202  0 123.8
2012 229  0 117.8
2012 256  0 116.8
2012 283  0 122.2
2012 310  0 121.1
2012 337  0 105.3
2012 364  0 128.1
2013  25  0 100.9
2013  52  0 111.3
2013  79  0 117.9
2013 106  0 129.2
2013 133  0 124.7
2013 160  0 117.1
2013 187  0 117.3
2013 214  0 119.4
2013 241  0 103.5
2013 268  0 118.0
2013 295  0 154.4
2013 322  0 141.6
2013 349  0 157.2
2014  11  0 147.8
2014  38  0 160.6
2014  65  0 147.1
2014  92  0 146.5
2014 119  0 138.3
2014 146  0 126.8
2014 173  0 143.0
2014 200  0 124.8
2014 227  0 136.0
2014 254  0 144.5
2014 281  0 155.1
2014 308  0 154.6
2014 335  0 157.9
2014 362  0 133.2
2015  24  0 135.7
2015  51  0 119.6
2015  78  0 126.0
2015 105  0 136.1
2015 132  0 116.4
2015 159  0 131.3
2015 186  0 109.6
2015 213  0 110.6
2015 240  0  97.4
2015 267  0 104.6
2015 294  0 110.5
2015 321  0 103.7
2015 348  0 108.8
2016  10  0 102.5
2016  37  0  99.1
2016  64  0  90.3
2016  91  0  93.5
2016 118  0  96.3
2016 145  0  88.7
2016 172  0  85.3
2016 199  0  88.1
2016 226  0  89.5
2016 253  0  86.4
2016 280  0  84.6
2016 307  0  76.5
2016 334  0  73.8
2016 361  0  72.7
2017  22  0  74.6
2017  49  0  74.7
2017  76  0  80.1
2017 103  0  77.8
2017 130  0  76.3
2017 157  0  76.2
2017 184  0  81.2
2017 211  0  78.2
2017 238  0  94.5
2017 265  0  80.1
2017 292  0  72.1
2017 319  0  70.3
2017 346  0  69.4
2018   8  0  67.7
2018  35  0  70.4
2018  62  0  67.6
2018  89  0  70.3
2018 116  0  70.7
2018 143  0  74.5
2018 170  0  74.7
2018 197  0  71.2
2018 224  0  70.0
2018 251  0  68.9
2018 278  0  69.3
2018 305  0  67.6
2018 332  0  67.8
2018 359  0  67.9
2019  21  0  69.6
2019  48  0  69.4
2019  75  0  72.9
2019 102  0  72.6
2019 129  0  72.3
2019 156  0  70.0
2019 183  0  69.4
2019 210  0  69.0
2019 237  0  68.9
2019 264  0  67.5
2019 291  0  67.7
2019 318  0  68.4
2019 345  0  68.9
2020   7  0  70.1
2020  34  0  69.2
2020  61  0  69.5
2020  88  0  69.8
2020 115  0  70.3
2020 142  0  72.2
2020 169  0  70.6
2020 196  0  73.4
2020 223  0  72.2
2020 250  0  71.7
2020 277  0  74.1
2020 304  0  83.6
2020 331  0  88.7
2020 358  0  76.5
2021  19  0  72.4
2021  46  0  73.9
2021  73  0  73.3
2021 100  0  75.7
2021 127  0  78.2
2021 154  0  81.8
2021 181  0  84.9
2021 208  0  76.9
2021 235  0  88.1
2021 262  0  86.5
2021 289  0  90.4
2021 316  0  81.4
2021 343  0 103.2
2022   5  0 102.8
2022  32  0 106.9
2022  59  0 109.4
2022  86  0 134.1
2022 113  0 140.3
2022 140  0 123.4
2022 167  0 126.7
2022 194  0 124.2
2022 221  0 124.9
2022 248  0 138.4
2022 275  0 132.6
2022 302  0 125.1
2022 329  0 134.3
2022 356  0 168.9
2023  18  0 169.0
2023  45  0 175.5
2023  72  0 142.5
2023  99  0 153.0
2023 126  0 160.2
2023 153  0 166.8
2023 180  0 182.9
2023 207  0 166.4
2023 234  0 148.2
2023 261  0 160.2
2023 288  0 136.4
2023 315  0 150.8
2023 342  0 147.5
