2003   6  0   -13
2003  33  0   -20
2003  60  0   -23
2003  87  0   -25
2003 114  0   -23
2003 141  0   -25
2003 168  0   -24
2003 195  0   -21
2003 222  0   -22
2003 249  0   -16
2003 276  0   -23
2003 303  0   -48
2003 330  0   -14
2003 357  0   -14
2004  19  0   -24
2004  46  0   -12
2004  73  0   -15
2004 100  0    -3
2004 127  0     2
2004 154  0     7
2004 181  0    -4
2004 208  0   -26
2004 235  0   -12
2004 262  0    -5
2004 289  0   -19
2004 316  0   -28
2004 343  0   -17
2005   4  0   -28
2005  31  0   -12
2005  58  0    -9
2005  85  0    -9
2005 112  0   -22
2005 139  0   -21
2005 166  0   -11
2005 193  0   -16
2005 220  0   -22
2005 247  0   -33
2005 274  0   -11
2005 301  0   -12
2005 328  0    -8
2005 355  0    -4
2006  17  0    -5
2006  44  0    -5
2006  71  0   -11
2006  98  0   -17
2006 125  0    -7
2006 152  0    -6
2006 179  0    -6
2006 206  0   -11
2006 233  0   -13
2006 260  0   -12
2006 287  0   -14
2006 314  0   -19
2006 341  0   -33
2007   3  0   -15
2007  30  0   -15
2007  57  0   -12
2007  84  0   -11
2007 111  0    -7
2007 138  0    -8
2007 165  0    -4
2007 192  0    -8
2007 219  0    -6
2007 246  0    -5
2007 273  0    -6
2007 300  0    -5
2007 327  0    -6
2007 354  0    -8
2008  16  0   -13
2008  43  0   -18
2008  70  0   -17
2008  97  0   -13
2008 124  0    -5
2008 151  0    -6
2008 178  0    -3
2008 205  0    -5
2008 232  0    -3
2008 259  0    -5
2008 286  0    -6
2008 313  0    -3
2008 340  0    -1
2009   1  0    -6
2009  28  0    -6
2009  55  0    -6
2009  82  0    -3
2009 109  0    -2
2009 136  0    -1
2009 163  0     1
2009 190  0    -8
2009 217  0    -6
2009 244  0    -2
2009 271  0     1
2009 298  0    -3
2009 325  0     1
2009 352  0     2
2010  14  0    -6
2010  41  0    -9
2010  68  0    -7
2010  95  0   -18
2010 122  0   -11
2010 149  0   -13
2010 176  0    -7
2010 203  0   -14
2010 230  0    -8
2010 257  0    -7
2010 284  0   -12
2010 311  0    -9
2010 338  0    -8
2010 365  0    -6
2011  27  0   -11
2011  54  0   -12
2011  81  0    -8
2011 108  0    -9
2011 135  0   -15
2011 162  0    -9
2011 189  0    -7
2011 216  0   -14
2011 243  0   -18
2011 270  0   -16
2011 297  0   -19
2011 324  0    -8
2011 351  0    -0
2012  13  0   -11
2012  40  0   -18
2012  67  0   -31
2012  94  0   -19
2012 121  0    -9
2012 148  0   -11
2012 175  0   -20
2012 202  0    -6
2012 229  0   -11
2012 256  0    -8
2012 283  0   -16
2012 310  0    -8
2012 337  0     7
2012 364  0     1
2013  25  0    -7
2013  52  0   -10
2013  79  0   -12
2013 106  0    -8
2013 133  0   -20
2013 160  0   -16
2013 187  0   -16
2013 214  0   -12
2013 241  0    -5
2013 268  0   -11
2013 295  0   -11
2013 322  0    -5
2013 349  0    -5
2014  11  0    -3
2014  38  0   -22
2014  65  0    -5
2014  92  0   -12
2014 119  0    -8
2014 146  0    -2
2014 173  0     3
2014 200  0    -2
2014 227  0   -11
2014 254  0   -17
2014 281  0   -20
2014 308  0   -19
2014 335  0   -23
2014 362  0   -22
2015  24  0   -16
2015  51  0   -20
2015  78  0   -26
2015 105  0   -18
2015 132  0    -6
2015 159  0   -24
2015 186  0   -21
2015 213  0   -25
2015 240  0   -29
2015 267  0   -28
2015 294  0   -20
2015 321  0   -10
2015 348  0   -24
2016  10  0   -17
2016  37  0   -13
2016  64  0   -15
2016  91  0   -10
2016 118  0   -17
2016 145  0    -4
2016 172  0    -4
2016 199  0    -9
2016 226  0   -12
2016 253  0   -14
2016 280  0   -24
2016 307  0   -12
2016 334  0    -7
2016 361  0    -9
2017  22  0    -8
2017  49  0   -15
2017  76  0   -15
2017 103  0   -14
2017 130  0    -8
2017 157  0    -1
2017 184  0    -9
2017 211  0    -9
2017 238  0   -29
2017 265  0   -23
2017 292  0   -17
2017 319  0   -12
2017 346  0    -3
2018   8  0    -2
2018  35  0    -5
2018  62  0   -10
2018  89  0    -7
2018 116  0   -10
2018 143  0    -3
2018 170  0    -6
2018 197  0    -2
2018 224  0   -19
2018 251  0   -16
2018 278  0   -11
2018 305  0    -9
2018 332  0    -7
2018 359  0    -6
2019  21  0    -9
2019  48  0    -9
2019  75  0    -9
2019 102  0    -5
2019 129  0    -9
2019 156  0    -2
2019 183  0    -4
2019 210  0    -7
2019 237  0   -17
2019 264  0   -12
2019 291  0   -11
2019 318  0    -6
2019 345  0    -6
2020   7  0    -6
2020  34  0   -12
2020  61  0    -8
2020  88  0   -13
2020 115  0    -4
2020 142  0    -3
2020 169  0     0
2020 196  0    -6
2020 223  0    -6
2020 250  0   -14
2020 277  0   -10
2020 304  0   -11
2020 331  0    -8
2020 358  0    -5
2021  19  0    -5
2021  46  0    -8
2021  73  0    -7
2021 100  0    -6
2021 127  0    -4
2021 154  0    -2
2021 181  0    -2
2021 208  0    -6
2021 235  0    -7
2021 262  0    -9
2021 289  0   -10
2021 316  0    -4
2021 343  0    -5
2022   5  0   -13
2022  32  0    -8
2022  59  0    -9
2022  86  0    -9
2022 113  0    -5
2022 140  0    -4
2022 167  0    -9
2022 194  0    -5
2022 221  0   -13
2022 248  0    -8
2022 275  0    -9
2022 302  0    -9
2022 329  0   -12
2022 356  0   -16
2023  18  0    -7
2023  45  0   -16
2023  72  0   -13
2023  99  0   -19
2023 126  0    -8
2023 153  0   -14
2023 180  0    -7
2023 207  0    -7
2023 234  0    -5
2023 261  0   -16
2023 288  0   -22
2023 315  0   -18
2023 342  0    -9
